<?xml version="1.0" encoding="UTF-8"?>
<!-- Generated by org.testng.reporters.JUnitReportReporter -->
<testsuite hostname="DESKTOP-PRI1S77" failures="0" tests="1" name="Login.datRead" time="7.460" errors="0" timestamp="2020-11-20T23:01:43 IST" skipped="0">
  <testcase classname="Login.datRead" name="upload" time="7.460"/>
  <system-out/>
</testsuite> <!-- Login.datRead -->
