<?xml version="1.0" encoding="UTF-8"?>
<!-- Generated by org.testng.reporters.JUnitReportReporter -->
<testsuite hostname="DESKTOP-PRI1S77" failures="0" tests="1" name="Login.hms" time="6.407" errors="0" timestamp="2020-11-22T20:35:51 IST" skipped="0">
  <testcase classname="Login.hms" name="OpenApp" time="6.407"/>
  <system-out/>
</testsuite> <!-- Login.hms -->
